<?xml version="1.0" encoding="UTF-8"?>
<testng-results ignored="0" total="2" passed="2" failed="0" skipped="0">
  <reporter-output>
  </reporter-output>
  <suite started-at="2023-03-02T12:36:51 EET" name="Authentication" finished-at="2023-03-02T12:37:11 EET" duration-ms="19267">
    <groups>
      <group name="cucumber">
        <method signature="AbstractTestNGCucumberTests.runScenario(io.cucumber.testng.PickleWrapper,io.cucumber.testng.FeatureWrapper)[pri:0, instance:runners.TestRunner@6d4e5011]" name="runScenario" class="io.cucumber.testng.AbstractTestNGCucumberTests"/>
      </group> <!-- cucumber -->
    </groups>
    <test started-at="2023-03-02T12:36:51 EET" name="Smoke Test" finished-at="2023-03-02T12:37:11 EET" duration-ms="19267">
      <class name="runners.TestRunner">
        <test-method is-config="true" signature="setUpClass(org.testng.ITestContext)[pri:0, instance:runners.TestRunner@6d4e5011]" started-at="2023-03-02T12:36:52 EET" name="setUpClass" finished-at="2023-03-02T12:36:52 EET" duration-ms="870" status="PASS">
          <params>
            <param index="0">
              <value>
                <![CDATA[org.testng.TestRunner@42e4e589]]>
              </value>
            </param>
          </params>
          <reporter-output>
          </reporter-output>
        </test-method> <!-- setUpClass -->
        <test-method signature="runScenario(io.cucumber.testng.PickleWrapper,io.cucumber.testng.FeatureWrapper)[pri:0, instance:runners.TestRunner@6d4e5011]" started-at="2023-03-02T12:36:52 EET" name="runScenario" description="Runs Cucumber Scenarios" data-provider="scenarios" finished-at="2023-03-02T12:37:02 EET" duration-ms="9949" status="PASS">
          <params>
            <param index="0">
              <value>
                <![CDATA["user can register with valid data"]]>
              </value>
            </param>
            <param index="1">
              <value>
                <![CDATA["user should be able to register into website"]]>
              </value>
            </param>
          </params>
          <reporter-output>
          </reporter-output>
        </test-method> <!-- runScenario -->
        <test-method signature="runScenario(io.cucumber.testng.PickleWrapper,io.cucumber.testng.FeatureWrapper)[pri:0, instance:runners.TestRunner@6d4e5011]" started-at="2023-03-02T12:37:02 EET" name="runScenario" description="Runs Cucumber Scenarios" data-provider="scenarios" finished-at="2023-03-02T12:37:11 EET" duration-ms="8305" status="PASS">
          <params>
            <param index="0">
              <value>
                <![CDATA["user can login with registered data"]]>
              </value>
            </param>
            <param index="1">
              <value>
                <![CDATA["user should be able to login into website"]]>
              </value>
            </param>
          </params>
          <reporter-output>
          </reporter-output>
        </test-method> <!-- runScenario -->
        <test-method is-config="true" signature="tearDownClass()[pri:0, instance:runners.TestRunner@6d4e5011]" started-at="2023-03-02T12:37:11 EET" name="tearDownClass" finished-at="2023-03-02T12:37:11 EET" duration-ms="50" status="PASS">
          <reporter-output>
          </reporter-output>
        </test-method> <!-- tearDownClass -->
      </class> <!-- runners.TestRunner -->
    </test> <!-- Smoke Test -->
  </suite> <!-- Authentication -->
</testng-results>
